<html>
<head>
<title>TestNG:  usersystem.autotest</title>
<link href="../testng.css" rel="stylesheet" type="text/css" />
<link href="../my-testng.css" rel="stylesheet" type="text/css" />

<style type="text/css">
.log { display: none;} 
.stack-trace { display: none;} 
</style>
<script type="text/javascript">
<!--
function flip(e) {
  current = e.style.display;
  if (current == 'block') {
    e.style.display = 'none';
    return 0;
  }
  else {
    e.style.display = 'block';
    return 1;
  }
}

function toggleBox(szDivId, elem, msg1, msg2)
{
  var res = -1;  if (document.getElementById) {
    res = flip(document.getElementById(szDivId));
  }
  else if (document.all) {
    // this is the way old msie versions work
    res = flip(document.all[szDivId]);
  }
  if(elem) {
    if(res == 0) elem.innerHTML = msg1; else elem.innerHTML = msg2;
  }

}

function toggleAllBoxes() {
  if (document.getElementsByTagName) {
    d = document.getElementsByTagName('div');
    for (i = 0; i < d.length; i++) {
      if (d[i].className == 'log') {
        flip(d[i]);
      }
    }
  }
}

// -->
</script>

</head>
<body>
<h2 align='center'>usersystem.autotest</h2><table border='1' align="center">
<tr>
<td>Tests passed/Failed/Skipped:</td><td>33/2/0</td>
</tr><tr>
<td>Started on:</td><td>Wed Jun 29 12:01:00 CST 2016</td>
</tr>
<tr><td>Total time:</td><td>11 seconds (11224 ms)</td>
</tr><tr>
<td>Included groups:</td><td></td>
</tr><tr>
<td>Excluded groups:</td><td></td>
</tr>
</table><p/>
<small><i>(Hover the method name to see the test class name)</i></small><p/>
<table width='100%' border='1' class='invocation-failed'>
<tr><td colspan='4' align='center'><b>FAILED TESTS</b></td></tr>
<tr><td><b>Test method</b></td>
<td width="30%"><b>Exception</b></td>
<td width="10%"><b>Time (seconds)</b></td>
<td><b>Instance</b></td>
</tr>
<tr>
<td title='cn.com.digiwin.justsharecloud.testCases.login.cases.TestLogin.testLoginFail()'><b>testLoginFail</b><br>Test class: cn.com.digiwin.justsharecloud.testCases.login.cases.TestLogin<br>Parameters: {account=yihj454try, dataSource=1, expectRetCode=01213, password=tian123, uniqueCode=, 测试用例=PC,错误的用户名,正确的密码,登录失败}</td>
<td><div><pre>java.lang.AssertionError: expected [01213] but found [01211]
	at org.testng.Assert.fail(Assert.java:94)
	at org.testng.Assert.failNotEquals(Assert.java:494)
	at org.testng.Assert.assertEquals(Assert.java:123)
	at org.testng.Assert.assertEquals(Assert.java:176)
	at org.testng.Assert.assertEquals(Assert.java:186)
	at cn.com.digiwin.justsharecloud.testCases.login.cases.TestLogin.testLoginFail(TestLogin.java:79)
	at sun.reflect.NativeMethodAccessorImpl.invoke0(Native Method)
	at sun.reflect.NativeMethodAccessorImpl.invoke(NativeMethodAccessorImpl.java:57)
	at sun.reflect.DelegatingMethodAccessorImpl.invoke(DelegatingMethodAccessorImpl.java:43)
	at java.lang.reflect.Method.invoke(Method.java:606)
	at org.testng.internal.MethodInvocationHelper.invokeMethod(MethodInvocationHelper.java:84)
	at org.testng.internal.Invoker.invokeMethod(Invoker.java:714)
	at org.testng.internal.Invoker.invokeTestMethod(Invoker.java:901)
	at org.testng.internal.Invoker.invokeTestMethods(Invoker.java:1231)
	at org.testng.internal.TestMethodWorker.invokeTestMethods(TestMethodWorker.java:127)
	at org.testng.internal.TestMethodWorker.run(TestMethodWorker.java:111)
	at org.testng.TestRunner.privateRun(TestRunner.java:767)
	at org.testng.TestRunner.run(TestRunner.java:617)
	at org.testng.SuiteRunner.runTest(SuiteRunner.java:334)
	at org.testng.SuiteRunner.runSequentially(SuiteRunner.java:329)
	at org.testng.SuiteRunner.privateRun(SuiteRunner.java:291)
	at org.testng.SuiteRunner.run(SuiteRunner.java:240)
	at org.testng.SuiteRunnerWorker.runSuite(SuiteRunnerWorker.java:52)
	at org.testng.SuiteRunnerWorker.run(SuiteRunnerWorker.java:86)
	at org.testng.TestNG.runSuitesSequentially(TestNG.java:1224)
	at org.testng.TestNG.runSuitesLocally(TestNG.java:1149)
	at org.testng.TestNG.run(TestNG.java:1057)
	at org.testng.remote.RemoteTestNG.run(RemoteTestNG.java:111)
	at org.testng.remote.RemoteTestNG.initAndRun(RemoteTestNG.java:204)
	at org.testng.remote.RemoteTestNG.main(RemoteTestNG.java:175)
</pre></div><a href='#' onClick='toggleBox("stack-trace1118869466", this, "Click to show all stack frames", "Click to hide stack frames")'>Click to show all stack frames</a>
<div class='stack-trace' id='stack-trace1118869466'><pre>java.lang.AssertionError: expected [01213] but found [01211]
	at org.testng.Assert.fail(Assert.java:94)
	at org.testng.Assert.failNotEquals(Assert.java:494)
	at org.testng.Assert.assertEquals(Assert.java:123)
	at org.testng.Assert.assertEquals(Assert.java:176)
	at org.testng.Assert.assertEquals(Assert.java:186)
	at cn.com.digiwin.justsharecloud.testCases.login.cases.TestLogin.testLoginFail(TestLogin.java:79)
	at sun.reflect.NativeMethodAccessorImpl.invoke0(Native Method)
	at sun.reflect.NativeMethodAccessorImpl.invoke(NativeMethodAccessorImpl.java:57)
	at sun.reflect.DelegatingMethodAccessorImpl.invoke(DelegatingMethodAccessorImpl.java:43)
	at java.lang.reflect.Method.invoke(Method.java:606)
	at org.testng.internal.MethodInvocationHelper.invokeMethod(MethodInvocationHelper.java:84)
	at org.testng.internal.Invoker.invokeMethod(Invoker.java:714)
	at org.testng.internal.Invoker.invokeTestMethod(Invoker.java:901)
	at org.testng.internal.Invoker.invokeTestMethods(Invoker.java:1231)
	at org.testng.internal.TestMethodWorker.invokeTestMethods(TestMethodWorker.java:127)
	at org.testng.internal.TestMethodWorker.run(TestMethodWorker.java:111)
	at org.testng.TestRunner.privateRun(TestRunner.java:767)
	at org.testng.TestRunner.run(TestRunner.java:617)
	at org.testng.SuiteRunner.runTest(SuiteRunner.java:334)
	at org.testng.SuiteRunner.runSequentially(SuiteRunner.java:329)
	at org.testng.SuiteRunner.privateRun(SuiteRunner.java:291)
	at org.testng.SuiteRunner.run(SuiteRunner.java:240)
	at org.testng.SuiteRunnerWorker.runSuite(SuiteRunnerWorker.java:52)
	at org.testng.SuiteRunnerWorker.run(SuiteRunnerWorker.java:86)
	at org.testng.TestNG.runSuitesSequentially(TestNG.java:1224)
	at org.testng.TestNG.runSuitesLocally(TestNG.java:1149)
	at org.testng.TestNG.run(TestNG.java:1057)
	at org.testng.remote.RemoteTestNG.run(RemoteTestNG.java:111)
	at org.testng.remote.RemoteTestNG.initAndRun(RemoteTestNG.java:204)
	at org.testng.remote.RemoteTestNG.main(RemoteTestNG.java:175)
</pre></div></td>
<td>0</td>
<td>cn.com.digiwin.justsharecloud.testCases.login.cases.TestLogin@70d7a2d4</td></tr>
<tr>
<td title='cn.com.digiwin.justsharecloud.testCases.login.cases.TestLogin.testLoginFail()'><b>testLoginFail</b><br>Test class: cn.com.digiwin.justsharecloud.testCases.login.cases.TestLogin<br>Parameters: {account=tonytian, dataSource=1, expectRetCode=01213, password=yihj454try, uniqueCode=, 测试用例=PC,正确的用户名,错误的密码,登录失败}</td>
<td><div><pre>java.lang.AssertionError: expected [01213] but found [01211]
	at org.testng.Assert.fail(Assert.java:94)
	at org.testng.Assert.failNotEquals(Assert.java:494)
	at org.testng.Assert.assertEquals(Assert.java:123)
	at org.testng.Assert.assertEquals(Assert.java:176)
	at org.testng.Assert.assertEquals(Assert.java:186)
	at cn.com.digiwin.justsharecloud.testCases.login.cases.TestLogin.testLoginFail(TestLogin.java:79)
	at sun.reflect.NativeMethodAccessorImpl.invoke0(Native Method)
	at sun.reflect.NativeMethodAccessorImpl.invoke(NativeMethodAccessorImpl.java:57)
	at sun.reflect.DelegatingMethodAccessorImpl.invoke(DelegatingMethodAccessorImpl.java:43)
	at java.lang.reflect.Method.invoke(Method.java:606)
	at org.testng.internal.MethodInvocationHelper.invokeMethod(MethodInvocationHelper.java:84)
	at org.testng.internal.Invoker.invokeMethod(Invoker.java:714)
	at org.testng.internal.Invoker.invokeTestMethod(Invoker.java:901)
	at org.testng.internal.Invoker.invokeTestMethods(Invoker.java:1231)
	at org.testng.internal.TestMethodWorker.invokeTestMethods(TestMethodWorker.java:127)
	at org.testng.internal.TestMethodWorker.run(TestMethodWorker.java:111)
	at org.testng.TestRunner.privateRun(TestRunner.java:767)
	at org.testng.TestRunner.run(TestRunner.java:617)
	at org.testng.SuiteRunner.runTest(SuiteRunner.java:334)
	at org.testng.SuiteRunner.runSequentially(SuiteRunner.java:329)
	at org.testng.SuiteRunner.privateRun(SuiteRunner.java:291)
	at org.testng.SuiteRunner.run(SuiteRunner.java:240)
	at org.testng.SuiteRunnerWorker.runSuite(SuiteRunnerWorker.java:52)
	at org.testng.SuiteRunnerWorker.run(SuiteRunnerWorker.java:86)
	at org.testng.TestNG.runSuitesSequentially(TestNG.java:1224)
	at org.testng.TestNG.runSuitesLocally(TestNG.java:1149)
	at org.testng.TestNG.run(TestNG.java:1057)
	at org.testng.remote.RemoteTestNG.run(RemoteTestNG.java:111)
	at org.testng.remote.RemoteTestNG.initAndRun(RemoteTestNG.java:204)
	at org.testng.remote.RemoteTestNG.main(RemoteTestNG.java:175)
</pre></div><a href='#' onClick='toggleBox("stack-trace1059282822", this, "Click to show all stack frames", "Click to hide stack frames")'>Click to show all stack frames</a>
<div class='stack-trace' id='stack-trace1059282822'><pre>java.lang.AssertionError: expected [01213] but found [01211]
	at org.testng.Assert.fail(Assert.java:94)
	at org.testng.Assert.failNotEquals(Assert.java:494)
	at org.testng.Assert.assertEquals(Assert.java:123)
	at org.testng.Assert.assertEquals(Assert.java:176)
	at org.testng.Assert.assertEquals(Assert.java:186)
	at cn.com.digiwin.justsharecloud.testCases.login.cases.TestLogin.testLoginFail(TestLogin.java:79)
	at sun.reflect.NativeMethodAccessorImpl.invoke0(Native Method)
	at sun.reflect.NativeMethodAccessorImpl.invoke(NativeMethodAccessorImpl.java:57)
	at sun.reflect.DelegatingMethodAccessorImpl.invoke(DelegatingMethodAccessorImpl.java:43)
	at java.lang.reflect.Method.invoke(Method.java:606)
	at org.testng.internal.MethodInvocationHelper.invokeMethod(MethodInvocationHelper.java:84)
	at org.testng.internal.Invoker.invokeMethod(Invoker.java:714)
	at org.testng.internal.Invoker.invokeTestMethod(Invoker.java:901)
	at org.testng.internal.Invoker.invokeTestMethods(Invoker.java:1231)
	at org.testng.internal.TestMethodWorker.invokeTestMethods(TestMethodWorker.java:127)
	at org.testng.internal.TestMethodWorker.run(TestMethodWorker.java:111)
	at org.testng.TestRunner.privateRun(TestRunner.java:767)
	at org.testng.TestRunner.run(TestRunner.java:617)
	at org.testng.SuiteRunner.runTest(SuiteRunner.java:334)
	at org.testng.SuiteRunner.runSequentially(SuiteRunner.java:329)
	at org.testng.SuiteRunner.privateRun(SuiteRunner.java:291)
	at org.testng.SuiteRunner.run(SuiteRunner.java:240)
	at org.testng.SuiteRunnerWorker.runSuite(SuiteRunnerWorker.java:52)
	at org.testng.SuiteRunnerWorker.run(SuiteRunnerWorker.java:86)
	at org.testng.TestNG.runSuitesSequentially(TestNG.java:1224)
	at org.testng.TestNG.runSuitesLocally(TestNG.java:1149)
	at org.testng.TestNG.run(TestNG.java:1057)
	at org.testng.remote.RemoteTestNG.run(RemoteTestNG.java:111)
	at org.testng.remote.RemoteTestNG.initAndRun(RemoteTestNG.java:204)
	at org.testng.remote.RemoteTestNG.main(RemoteTestNG.java:175)
</pre></div></td>
<td>0</td>
<td>cn.com.digiwin.justsharecloud.testCases.login.cases.TestLogin@70d7a2d4</td></tr>
</table><p>
<table width='100%' border='1' class='invocation-passed'>
<tr><td colspan='4' align='center'><b>PASSED TESTS</b></td></tr>
<tr><td><b>Test method</b></td>
<td width="30%"><b>Exception</b></td>
<td width="10%"><b>Time (seconds)</b></td>
<td><b>Instance</b></td>
</tr>
<tr>
<td title='cn.com.digiwin.justsharecloud.testCases.register.cases.TestRegister.testDataSource()'><b>testDataSource</b><br>Test class: cn.com.digiwin.justsharecloud.testCases.register.cases.TestRegister<br>Parameters: 18520820075, tiantony, , tian123, tonytian, , 1, tian123, , , , 01131</td>
<td></td>
<td>0</td>
<td>cn.com.digiwin.justsharecloud.testCases.register.cases.TestRegister@584cfed7</td></tr>
<tr>
<td title='cn.com.digiwin.justsharecloud.testCases.login.cases.TestLogin.testDataSource()'><b>testDataSource</b><br>Test class: cn.com.digiwin.justsharecloud.testCases.login.cases.TestLogin<br>Parameters: tonytian, tian123, 01213</td>
<td></td>
<td>0</td>
<td>cn.com.digiwin.justsharecloud.testCases.login.cases.TestLogin@70d7a2d4</td></tr>
<tr>
<td title='cn.com.digiwin.justsharecloud.testCases.getTokenList.cases.TestGetTokenList.testGetTokenListFail()'><b>testGetTokenListFail</b><br>Test class: cn.com.digiwin.justsharecloud.testCases.getTokenList.cases.TestGetTokenList<br>Parameters: , 01223</td>
<td></td>
<td>0</td>
<td>cn.com.digiwin.justsharecloud.testCases.getTokenList.cases.TestGetTokenList@42ff1c7f</td></tr>
<tr>
<td title='cn.com.digiwin.justsharecloud.testCases.getTokenList.cases.TestGetTokenList.testGetTokenListFail()'><b>testGetTokenListFail</b><br>Test class: cn.com.digiwin.justsharecloud.testCases.getTokenList.cases.TestGetTokenList<br>Parameters: dfgh345, 01232</td>
<td></td>
<td>0</td>
<td>cn.com.digiwin.justsharecloud.testCases.getTokenList.cases.TestGetTokenList@42ff1c7f</td></tr>
<tr>
<td title='cn.com.digiwin.justsharecloud.testCases.getTokenList.cases.TestGetTokenList.testGetTokenListSuccess()'><b>testGetTokenListSuccess</b><br>Test class: cn.com.digiwin.justsharecloud.testCases.getTokenList.cases.TestGetTokenList<br>Parameters: 5a59cf6ffdd57f253674743ec6d19fc9, 01230</td>
<td></td>
<td>0</td>
<td>cn.com.digiwin.justsharecloud.testCases.getTokenList.cases.TestGetTokenList@42ff1c7f</td></tr>
<tr>
<td title='cn.com.digiwin.justsharecloud.testCases.login.cases.TestLogin.testLoginFail()'><b>testLoginFail</b><br>Test class: cn.com.digiwin.justsharecloud.testCases.login.cases.TestLogin<br>Parameters: {account=, dataSource=1, expectRetCode=01213, password=tian123, uniqueCode=, 测试用例=验证account的必填性}</td>
<td></td>
<td>0</td>
<td>cn.com.digiwin.justsharecloud.testCases.login.cases.TestLogin@70d7a2d4</td></tr>
<tr>
<td title='cn.com.digiwin.justsharecloud.testCases.login.cases.TestLogin.testLoginFail()'><b>testLoginFail</b><br>Test class: cn.com.digiwin.justsharecloud.testCases.login.cases.TestLogin<br>Parameters: {account=tonytian, dataSource=1, expectRetCode=01213, password=, uniqueCode=, 测试用例=验证password的必填性}</td>
<td></td>
<td>0</td>
<td>cn.com.digiwin.justsharecloud.testCases.login.cases.TestLogin@70d7a2d4</td></tr>
<tr>
<td title='cn.com.digiwin.justsharecloud.testCases.login.cases.TestLogin.testLoginFail()'><b>testLoginFail</b><br>Test class: cn.com.digiwin.justsharecloud.testCases.login.cases.TestLogin<br>Parameters: {account=tonytian, dataSource=3, expectRetCode=01131, password=tian123, uniqueCode=, 测试用例=验证android登录时,uniqueCode的必填性}</td>
<td></td>
<td>0</td>
<td>cn.com.digiwin.justsharecloud.testCases.login.cases.TestLogin@70d7a2d4</td></tr>
<tr>
<td title='cn.com.digiwin.justsharecloud.testCases.login.cases.TestLogin.testLoginFail()'><b>testLoginFail</b><br>Test class: cn.com.digiwin.justsharecloud.testCases.login.cases.TestLogin<br>Parameters: {account=tonytian, dataSource=4, expectRetCode=01131, password=tian123, uniqueCode=, 测试用例=验证ios登录时,uniqueCode的必填性}</td>
<td></td>
<td>0</td>
<td>cn.com.digiwin.justsharecloud.testCases.login.cases.TestLogin@70d7a2d4</td></tr>
<tr>
<td title='cn.com.digiwin.justsharecloud.testCases.login.cases.TestLogin.testLoginFail()'><b>testLoginFail</b><br>Test class: cn.com.digiwin.justsharecloud.testCases.login.cases.TestLogin<br>Parameters: {account=yihj454try, dataSource=2, expectRetCode=01211, password=tian123, uniqueCode=, 测试用例=微信,错误的用户名,正确的密码,登录失败}</td>
<td></td>
<td>0</td>
<td>cn.com.digiwin.justsharecloud.testCases.login.cases.TestLogin@70d7a2d4</td></tr>
<tr>
<td title='cn.com.digiwin.justsharecloud.testCases.login.cases.TestLogin.testLoginFail()'><b>testLoginFail</b><br>Test class: cn.com.digiwin.justsharecloud.testCases.login.cases.TestLogin<br>Parameters: {account=yihj454try, dataSource=3, expectRetCode=01211, password=tian123, uniqueCode=android, 测试用例=android,错误的用户名,正确的密码,登录失败}</td>
<td></td>
<td>0</td>
<td>cn.com.digiwin.justsharecloud.testCases.login.cases.TestLogin@70d7a2d4</td></tr>
<tr>
<td title='cn.com.digiwin.justsharecloud.testCases.login.cases.TestLogin.testLoginFail()'><b>testLoginFail</b><br>Test class: cn.com.digiwin.justsharecloud.testCases.login.cases.TestLogin<br>Parameters: {account=yihj454try, dataSource=4, expectRetCode=01211, password=tian123, uniqueCode=ios, 测试用例=ios,错误的用户名,正确的密码,登录失败}</td>
<td></td>
<td>0</td>
<td>cn.com.digiwin.justsharecloud.testCases.login.cases.TestLogin@70d7a2d4</td></tr>
<tr>
<td title='cn.com.digiwin.justsharecloud.testCases.login.cases.TestLogin.testLoginFail()'><b>testLoginFail</b><br>Test class: cn.com.digiwin.justsharecloud.testCases.login.cases.TestLogin<br>Parameters: {account=tonytian, dataSource=2, expectRetCode=01211, password=yihj454try, uniqueCode=, 测试用例=微信,正确的用户名,错误的密码,登录失败}</td>
<td></td>
<td>0</td>
<td>cn.com.digiwin.justsharecloud.testCases.login.cases.TestLogin@70d7a2d4</td></tr>
<tr>
<td title='cn.com.digiwin.justsharecloud.testCases.login.cases.TestLogin.testLoginFail()'><b>testLoginFail</b><br>Test class: cn.com.digiwin.justsharecloud.testCases.login.cases.TestLogin<br>Parameters: {account=tonytian, dataSource=3, expectRetCode=01211, password=yihj454try, uniqueCode=android, 测试用例=android,正确的用户名,错误的密码,登录失败}</td>
<td></td>
<td>0</td>
<td>cn.com.digiwin.justsharecloud.testCases.login.cases.TestLogin@70d7a2d4</td></tr>
<tr>
<td title='cn.com.digiwin.justsharecloud.testCases.login.cases.TestLogin.testLoginFail()'><b>testLoginFail</b><br>Test class: cn.com.digiwin.justsharecloud.testCases.login.cases.TestLogin<br>Parameters: {account=tonytian, dataSource=4, expectRetCode=01211, password=yihj454try, uniqueCode=ios, 测试用例=ios,正确的用户名,错误的密码,登录失败}</td>
<td></td>
<td>0</td>
<td>cn.com.digiwin.justsharecloud.testCases.login.cases.TestLogin@70d7a2d4</td></tr>
<tr>
<td title='cn.com.digiwin.justsharecloud.testCases.login.cases.TestLogin.testLoginSuccess()'><b>testLoginSuccess</b><br>Test class: cn.com.digiwin.justsharecloud.testCases.login.cases.TestLogin<br>Parameters: {account=tonytian, dataSource=1, expectRetCode=01210, password=tian123, uniqueCode=, 测试用例=PC端--用户登录成功}</td>
<td></td>
<td>0</td>
<td>cn.com.digiwin.justsharecloud.testCases.login.cases.TestLogin@70d7a2d4</td></tr>
<tr>
<td title='cn.com.digiwin.justsharecloud.testCases.login.cases.TestLogin.testLoginSuccess()'><b>testLoginSuccess</b><br>Test class: cn.com.digiwin.justsharecloud.testCases.login.cases.TestLogin<br>Parameters: {account=tonytian, dataSource=2, expectRetCode=01210, password=tian123, uniqueCode=, 测试用例=wechat--用户登录成功}</td>
<td></td>
<td>0</td>
<td>cn.com.digiwin.justsharecloud.testCases.login.cases.TestLogin@70d7a2d4</td></tr>
<tr>
<td title='cn.com.digiwin.justsharecloud.testCases.login.cases.TestLogin.testLoginSuccess()'><b>testLoginSuccess</b><br>Test class: cn.com.digiwin.justsharecloud.testCases.login.cases.TestLogin<br>Parameters: {account=tonytian, dataSource=3, expectRetCode=01210, password=tian123, uniqueCode=android , 测试用例=android--用户登录成功}</td>
<td></td>
<td>0</td>
<td>cn.com.digiwin.justsharecloud.testCases.login.cases.TestLogin@70d7a2d4</td></tr>
<tr>
<td title='cn.com.digiwin.justsharecloud.testCases.login.cases.TestLogin.testLoginSuccess()'><b>testLoginSuccess</b><br>Test class: cn.com.digiwin.justsharecloud.testCases.login.cases.TestLogin<br>Parameters: {account=tonytian, dataSource=4, expectRetCode=01210, password=tian123, uniqueCode=ios, 测试用例=ios--用户登录成功}</td>
<td></td>
<td>0</td>
<td>cn.com.digiwin.justsharecloud.testCases.login.cases.TestLogin@70d7a2d4</td></tr>
<tr>
<td title='cn.com.digiwin.justsharecloud.testCases.register.cases.TestRegister.testRegisterFail()'><b>testRegisterFail</b><br>Test class: cn.com.digiwin.justsharecloud.testCases.register.cases.TestRegister<br>Parameters: {account=tonytian, confirmPasswd=tian123, dataSource=1, expectRetCode=01131, mobile=, mobileModel=, mobileSysVersion=, nickName=tiantony, password=tian123, smsVerifyKey=, sourceSystem=1, verifyCode=, verifyKey=, 测试用例=验证mobile的必填性}</td>
<td></td>
<td>0</td>
<td>cn.com.digiwin.justsharecloud.testCases.register.cases.TestRegister@584cfed7</td></tr>
<tr>
<td title='cn.com.digiwin.justsharecloud.testCases.register.cases.TestRegister.testRegisterFail()'><b>testRegisterFail</b><br>Test class: cn.com.digiwin.justsharecloud.testCases.register.cases.TestRegister<br>Parameters: {account=tonytian, confirmPasswd=tian123, dataSource=1, expectRetCode=01131, mobile=18520820075, mobileModel=, mobileSysVersion=, nickName=, password=tian123, smsVerifyKey=, sourceSystem=1, verifyCode=, verifyKey=, 测试用例=验证nickName的必填性}</td>
<td></td>
<td>0</td>
<td>cn.com.digiwin.justsharecloud.testCases.register.cases.TestRegister@584cfed7</td></tr>
<tr>
<td title='cn.com.digiwin.justsharecloud.testCases.register.cases.TestRegister.testRegisterFail()'><b>testRegisterFail</b><br>Test class: cn.com.digiwin.justsharecloud.testCases.register.cases.TestRegister<br>Parameters: {account=tonytian, confirmPasswd=tian123, dataSource=1, expectRetCode=01131, mobile=18520820075, mobileModel=, mobileSysVersion=, nickName=tiantony, password=, smsVerifyKey=, sourceSystem=1, verifyCode=, verifyKey=, 测试用例=验证password的必填性}</td>
<td></td>
<td>0</td>
<td>cn.com.digiwin.justsharecloud.testCases.register.cases.TestRegister@584cfed7</td></tr>
<tr>
<td title='cn.com.digiwin.justsharecloud.testCases.register.cases.TestRegister.testRegisterFail()'><b>testRegisterFail</b><br>Test class: cn.com.digiwin.justsharecloud.testCases.register.cases.TestRegister<br>Parameters: {account=, confirmPasswd=tian123, dataSource=1, expectRetCode=01131, mobile=18520820075, mobileModel=, mobileSysVersion=, nickName=tiantony, password=tian123, smsVerifyKey=, sourceSystem=1, verifyCode=, verifyKey=, 测试用例=验证account的必填性}</td>
<td></td>
<td>0</td>
<td>cn.com.digiwin.justsharecloud.testCases.register.cases.TestRegister@584cfed7</td></tr>
<tr>
<td title='cn.com.digiwin.justsharecloud.testCases.register.cases.TestRegister.testRegisterFail()'><b>testRegisterFail</b><br>Test class: cn.com.digiwin.justsharecloud.testCases.register.cases.TestRegister<br>Parameters: {account=tonytian, confirmPasswd=, dataSource=1, expectRetCode=01131, mobile=18520820075, mobileModel=, mobileSysVersion=, nickName=tiantony, password=tian123, smsVerifyKey=, sourceSystem=1, verifyCode=, verifyKey=, 测试用例=验证confirmPasswd的必填性}</td>
<td></td>
<td>0</td>
<td>cn.com.digiwin.justsharecloud.testCases.register.cases.TestRegister@584cfed7</td></tr>
<tr>
<td title='cn.com.digiwin.justsharecloud.testCases.register.cases.TestRegister.testRegisterFail()'><b>testRegisterFail</b><br>Test class: cn.com.digiwin.justsharecloud.testCases.register.cases.TestRegister<br>Parameters: {account=tonytian, confirmPasswd=tian321, dataSource=1, expectRetCode=01134, mobile=18520820075, mobileModel=, mobileSysVersion=, nickName=tiantony, password=tian123, smsVerifyKey=, sourceSystem=1, verifyCode=, verifyKey=, 测试用例=验证password与confirmPasswd的一致性}</td>
<td></td>
<td>0</td>
<td>cn.com.digiwin.justsharecloud.testCases.register.cases.TestRegister@584cfed7</td></tr>
<tr>
<td title='cn.com.digiwin.justsharecloud.testCases.register.cases.TestRegister.testRegisterSuccess()'><b>testRegisterSuccess</b><br>Test class: cn.com.digiwin.justsharecloud.testCases.register.cases.TestRegister<br>Parameters: {account=tonytian, confirmPasswd=tian123, dataSource=1, expectRetCode=01130, mobile=18520820075, mobileModel=, mobileSysVersion=, nickName=tiantony, password=tian123, smsVerifyKey=, sourceSystem=1, verifyCode=, verifyKey=, 测试用例=PC--普通用户注册成功(sourceSystem=1 , 平台新建)}</td>
<td></td>
<td>1</td>
<td>cn.com.digiwin.justsharecloud.testCases.register.cases.TestRegister@584cfed7</td></tr>
<tr>
<td title='cn.com.digiwin.justsharecloud.testCases.register.cases.TestRegister.testRegisterSuccess()'><b>testRegisterSuccess</b><br>Test class: cn.com.digiwin.justsharecloud.testCases.register.cases.TestRegister<br>Parameters: {account=tonytian, confirmPasswd=tian123, dataSource=1, expectRetCode=01130, mobile=18520820075, mobileModel=, mobileSysVersion=, nickName=tiantony, password=tian123, smsVerifyKey=, sourceSystem=2, verifyCode=, verifyKey=, 测试用例=PC--普通用户注册成功(sourceSystem=2 , 导入)}</td>
<td></td>
<td>1</td>
<td>cn.com.digiwin.justsharecloud.testCases.register.cases.TestRegister@584cfed7</td></tr>
<tr>
<td title='cn.com.digiwin.justsharecloud.testCases.register.cases.TestRegister.testRegisterSuccess()'><b>testRegisterSuccess</b><br>Test class: cn.com.digiwin.justsharecloud.testCases.register.cases.TestRegister<br>Parameters: {account=tonytian, confirmPasswd=tian123, dataSource=1, expectRetCode=01130, mobile=18520820075, mobileModel=, mobileSysVersion=, nickName=tiantony, password=tian123, smsVerifyKey=, sourceSystem=3, verifyCode=, verifyKey=, 测试用例=PC--普通用户注册成功(sourceSystem=3 , T100)}</td>
<td></td>
<td>1</td>
<td>cn.com.digiwin.justsharecloud.testCases.register.cases.TestRegister@584cfed7</td></tr>
<tr>
<td title='cn.com.digiwin.justsharecloud.testCases.register.cases.TestRegister.testRegisterSuccess()'><b>testRegisterSuccess</b><br>Test class: cn.com.digiwin.justsharecloud.testCases.register.cases.TestRegister<br>Parameters: {account=tonytian, confirmPasswd=tian123, dataSource=2, expectRetCode=01130, mobile=18520820075, mobileModel=, mobileSysVersion=, nickName=tiantony, password=tian123, smsVerifyKey=, sourceSystem=1, verifyCode=, verifyKey=, 测试用例=微信--普通用户注册成功(dataSource=2 , wechat)}</td>
<td></td>
<td>1</td>
<td>cn.com.digiwin.justsharecloud.testCases.register.cases.TestRegister@584cfed7</td></tr>
<tr>
<td title='cn.com.digiwin.justsharecloud.testCases.register.cases.TestRegister.testRegisterSuccess()'><b>testRegisterSuccess</b><br>Test class: cn.com.digiwin.justsharecloud.testCases.register.cases.TestRegister<br>Parameters: {account=tonytian, confirmPasswd=tian123, dataSource=3, expectRetCode=01130, mobile=18520820075, mobileModel=, mobileSysVersion=android, nickName=tiantony, password=tian123, smsVerifyKey=, sourceSystem=1, verifyCode=, verifyKey=, 测试用例=android--普通用户注册成功(dataSource=3 , android)}</td>
<td></td>
<td>1</td>
<td>cn.com.digiwin.justsharecloud.testCases.register.cases.TestRegister@584cfed7</td></tr>
<tr>
<td title='cn.com.digiwin.justsharecloud.testCases.register.cases.TestRegister.testRegisterSuccess()'><b>testRegisterSuccess</b><br>Test class: cn.com.digiwin.justsharecloud.testCases.register.cases.TestRegister<br>Parameters: {account=tonytian, confirmPasswd=tian123, dataSource=4, expectRetCode=01130, mobile=18520820075, mobileModel=, mobileSysVersion=ios, nickName=tiantony, password=tian123, smsVerifyKey=, sourceSystem=1, verifyCode=, verifyKey=, 测试用例=ios--普通用户注册成功(dataSource=4 , ios)}</td>
<td></td>
<td>1</td>
<td>cn.com.digiwin.justsharecloud.testCases.register.cases.TestRegister@584cfed7</td></tr>
<tr>
<td title='cn.com.digiwin.justsharecloud.testCases.register.cases.TestRegister.testRepeatRegisterData()'><b>testRepeatRegisterData</b><br>Test class: cn.com.digiwin.justsharecloud.testCases.register.cases.TestRegister<br>Parameters: 18520820075, tiantony, , tian123, tonytian, , 1, 1, tian123, , , , 01137</td>
<td></td>
<td>0</td>
<td>cn.com.digiwin.justsharecloud.testCases.register.cases.TestRegister@584cfed7</td></tr>
<tr>
<td title='cn.com.digiwin.justsharecloud.testCases.register.cases.TestRegister.testSourceSystem()'><b>testSourceSystem</b><br>Test class: cn.com.digiwin.justsharecloud.testCases.register.cases.TestRegister<br>Parameters: 18520820075, tiantony, , tian123, tonytian, , 1, tian123, , , , 01131</td>
<td></td>
<td>0</td>
<td>cn.com.digiwin.justsharecloud.testCases.register.cases.TestRegister@584cfed7</td></tr>
</table><p>
</body>
</html>